[0618/012315:ERROR:process_reader_win.cc(232)] ReadMemory at 0x72b20000 of 64 bytes failed: Only part of a ReadProcessMemory or WriteProcessMemory request was completed. (0x12B)
[0618/012315:WARNING:pe_image_reader.cc(280)] could not read dos header from C:\WINDOWS\SYSTEM32\SRVCLI.DLL
[0618/012315:ERROR:process_reader_win.cc(232)] ReadMemory at 0x72b10000 of 64 bytes failed: Only part of a ReadProcessMemory or WriteProcessMemory request was completed. (0x12B)
[0618/012315:WARNING:pe_image_reader.cc(280)] could not read dos header from C:\WINDOWS\SYSTEM32\NETUTILS.DLL
[0618/012315:ERROR:process_reader_win.cc(232)] ReadMemory at 0x6c920000 of 64 bytes failed: Only part of a ReadProcessMemory or WriteProcessMemory request was completed. (0x12B)
[0618/012315:WARNING:pe_image_reader.cc(280)] could not read dos header from C:\WINDOWS\SYSTEM32\dwrite.dll
[0618/012315:ERROR:process_reader_win.cc(232)] ReadMemory at 0x6e460000 of 64 bytes failed: Only part of a ReadProcessMemory or WriteProcessMemory request was completed. (0x12B)
[0618/012315:WARNING:pe_image_reader.cc(280)] could not read dos header from C:\WINDOWS\system32\apphelp.dll
[0618/012315:ERROR:process_reader_win.cc(232)] ReadMemory at 0x6e360000 of 64 bytes failed: Only part of a ReadProcessMemory or WriteProcessMemory request was completed. (0x12B)
[0618/012315:WARNING:pe_image_reader.cc(280)] could not read dos header from C:\Program Files (x86)\Google\Chrome\Application\51.0.2704.84\chrome_elf.dll
[0618/012315:ERROR:process_reader_win.cc(232)] ReadMemory at 0x719b0000 of 64 bytes failed: Only part of a ReadProcessMemory or WriteProcessMemory request was completed. (0x12B)
[0618/012315:WARNING:pe_image_reader.cc(280)] could not read dos header from C:\WINDOWS\SYSTEM32\WINMMBASE.dll
[0618/012315:ERROR:process_reader_win.cc(232)] ReadMemory at 0x71dc0000 of 64 bytes failed: Only part of a ReadProcessMemory or WriteProcessMemory request was completed. (0x12B)
[0618/012315:WARNING:pe_image_reader.cc(280)] could not read dos header from C:\WINDOWS\SYSTEM32\WINMM.dll
[0618/012315:ERROR:process_reader_win.cc(232)] ReadMemory at 0x72b40000 of 64 bytes failed: Only part of a ReadProcessMemory or WriteProcessMemory request was completed. (0x12B)
[0618/012315:WARNING:pe_image_reader.cc(280)] could not read dos header from C:\WINDOWS\SYSTEM32\USERENV.dll
[0618/012315:ERROR:process_reader_win.cc(232)] ReadMemory at 0x71490000 of 64 bytes failed: Only part of a ReadProcessMemory or WriteProcessMemory request was completed. (0x12B)
[0618/012315:WARNING:pe_image_reader.cc(280)] could not read dos header from C:\WINDOWS\SYSTEM32\WINSPOOL.DRV
[0618/012315:ERROR:process_reader_win.cc(232)] ReadMemory at 0x6e790000 of 64 bytes failed: Only part of a ReadProcessMemory or WriteProcessMemory request was completed. (0x12B)
[0618/012315:WARNING:pe_image_reader.cc(280)] could not read dos header from C:\WINDOWS\WinSxS\x86_microsoft.windows.common-controls_6595b64144ccf1df_6.0.10586.0_none_d3c2e4e965da4528\COMCTL32.dll
[0618/012315:ERROR:process_reader_win.cc(232)] ReadMemory at 0x6fc40000 of 64 bytes failed: Only part of a ReadProcessMemory or WriteProcessMemory request was completed. (0x12B)
[0618/012315:WARNING:pe_image_reader.cc(280)] could not read dos header from C:\WINDOWS\SYSTEM32\fwbase.dll
[0618/012315:ERROR:process_reader_win.cc(232)] ReadMemory at 0x6fc90000 of 64 bytes failed: Only part of a ReadProcessMemory or WriteProcessMemory request was completed. (0x12B)
[0618/012315:WARNING:pe_image_reader.cc(280)] could not read dos header from C:\WINDOWS\SYSTEM32\DAVHLPR.DLL
[0618/012315:ERROR:process_reader_win.cc(232)] ReadMemory at 0x6fc70000 of 64 bytes failed: Only part of a ReadProcessMemory or WriteProcessMemory request was completed. (0x12B)
[0618/012315:WARNING:pe_image_reader.cc(280)] could not read dos header from C:\WINDOWS\SYSTEM32\USP10.dll
[0618/012315:ERROR:process_reader_win.cc(232)] ReadMemory at 0x71480000 of 64 bytes failed: Only part of a ReadProcessMemory or WriteProcessMemory request was completed. (0x12B)
[0618/012315:WARNING:pe_image_reader.cc(280)] could not read dos header from C:\WINDOWS\SYSTEM32\Secur32.dll
[0618/012315:ERROR:process_reader_win.cc(232)] ReadMemory at 0x5b890000 of 64 bytes failed: Only part of a ReadProcessMemory or WriteProcessMemory request was completed. (0x12B)
[0618/012315:WARNING:pe_image_reader.cc(280)] could not read dos header from C:\Program Files (x86)\Google\Chrome\Application\51.0.2704.84\chrome_child.dll
[0618/012315:ERROR:process_reader_win.cc(232)] ReadMemory at 0x6e240000 of 64 bytes failed: Only part of a ReadProcessMemory or WriteProcessMemory request was completed. (0x12B)
[0618/012315:WARNING:pe_image_reader.cc(280)] could not read dos header from C:\Program Files\AVAST Software\Avast\aswJsFlt.dll
[0618/012315:ERROR:process_reader_win.cc(232)] ReadMemory at 0x72b20000 of 64 bytes failed: Only part of a ReadProcessMemory or WriteProcessMemory request was completed. (0x12B)
[0618/012315:WARNING:pe_image_reader.cc(280)] could not read dos header from C:\WINDOWS\SYSTEM32\SRVCLI.DLL
[0618/012315:ERROR:process_reader_win.cc(232)] ReadMemory at 0x72b10000 of 64 bytes failed: Only part of a ReadProcessMemory or WriteProcessMemory request was completed. (0x12B)
[0618/012315:WARNING:pe_image_reader.cc(280)] could not read dos header from C:\WINDOWS\SYSTEM32\NETUTILS.DLL
[0618/012315:ERROR:process_reader_win.cc(232)] ReadMemory at 0x6c920000 of 64 bytes failed: Only part of a ReadProcessMemory or WriteProcessMemory request was completed. (0x12B)
[0618/012315:WARNING:pe_image_reader.cc(280)] could not read dos header from C:\WINDOWS\SYSTEM32\dwrite.dll
[0618/012315:ERROR:process_reader_win.cc(141)] SuspendThread: Access is denied. (0x5)
[0618/012315:ERROR:process_reader_win.cc(232)] ReadMemory at 0x6e460000 of 64 bytes failed: Only part of a ReadProcessMemory or WriteProcessMemory request was completed. (0x12B)
[0618/012315:WARNING:pe_image_reader.cc(280)] could not read dos header from C:\WINDOWS\system32\apphelp.dll
[0618/012315:ERROR:process_reader_win.cc(232)] ReadMemory at 0x6e360000 of 64 bytes failed: Only part of a ReadProcessMemory or WriteProcessMemory request was completed. (0x12B)
[0618/012315:WARNING:pe_image_reader.cc(280)] could not read dos header from C:\Program Files (x86)\Google\Chrome\Application\51.0.2704.84\chrome_elf.dll
[0618/012315:ERROR:process_reader_win.cc(232)] ReadMemory at 0x719b0000 of 64 bytes failed: Only part of a ReadProcessMemory or WriteProcessMemory request was completed. (0x12B)
[0618/012315:WARNING:pe_image_reader.cc(280)] could not read dos header from C:\WINDOWS\SYSTEM32\WINMMBASE.dll
[0618/012315:ERROR:process_reader_win.cc(232)] ReadMemory at 0x71dc0000 of 64 bytes failed: Only part of a ReadProcessMemory or WriteProcessMemory request was completed. (0x12B)
[0618/012315:WARNING:pe_image_reader.cc(280)] could not read dos header from C:\WINDOWS\SYSTEM32\WINMM.dll
[0618/012315:ERROR:process_reader_win.cc(232)] ReadMemory at 0x72b40000 of 64 bytes failed: Only part of a ReadProcessMemory or WriteProcessMemory request was completed. (0x12B)
[0618/012315:WARNING:pe_image_reader.cc(280)] could not read dos header from C:\WINDOWS\SYSTEM32\USERENV.dll
[0618/012315:ERROR:process_reader_win.cc(232)] ReadMemory at 0x71490000 of 64 bytes failed: Only part of a ReadProcessMemory or WriteProcessMemory request was completed. (0x12B)
[0618/012315:WARNING:pe_image_reader.cc(280)] could not read dos header from C:\WINDOWS\SYSTEM32\WINSPOOL.DRV
[0618/012315:ERROR:process_reader_win.cc(232)] ReadMemory at 0x6e790000 of 64 bytes failed: Only part of a ReadProcessMemory or WriteProcessMemory request was completed. (0x12B)
[0618/012315:WARNING:pe_image_reader.cc(280)] could not read dos header from C:\WINDOWS\WinSxS\x86_microsoft.windows.common-controls_6595b64144ccf1df_6.0.10586.0_none_d3c2e4e965da4528\COMCTL32.dll
[0618/012315:ERROR:process_reader_win.cc(232)] ReadMemory at 0x6fc40000 of 64 bytes failed: Only part of a ReadProcessMemory or WriteProcessMemory request was completed. (0x12B)
[0618/012315:WARNING:pe_image_reader.cc(280)] could not read dos header from C:\WINDOWS\SYSTEM32\fwbase.dll
[0618/012315:ERROR:process_reader_win.cc(232)] ReadMemory at 0x6fc90000 of 64 bytes failed: Only part of a ReadProcessMemory or WriteProcessMemory request was completed. (0x12B)
[0618/012315:WARNING:pe_image_reader.cc(280)] could not read dos header from C:\WINDOWS\SYSTEM32\DAVHLPR.DLL
[0618/012315:ERROR:process_reader_win.cc(232)] ReadMemory at 0x6fc70000 of 64 bytes failed: Only part of a ReadProcessMemory or WriteProcessMemory request was completed. (0x12B)
[0618/012315:WARNING:pe_image_reader.cc(280)] could not read dos header from C:\WINDOWS\SYSTEM32\USP10.dll
[0618/012315:ERROR:process_reader_win.cc(232)] ReadMemory at 0x71480000 of 64 bytes failed: Only part of a ReadProcessMemory or WriteProcessMemory request was completed. (0x12B)
[0618/012315:WARNING:pe_image_reader.cc(280)] could not read dos header from C:\WINDOWS\SYSTEM32\Secur32.dll
[0618/012315:ERROR:process_reader_win.cc(232)] ReadMemory at 0x5b890000 of 64 bytes failed: Only part of a ReadProcessMemory or WriteProcessMemory request was completed. (0x12B)
[0618/012315:WARNING:pe_image_reader.cc(280)] could not read dos header from C:\Program Files (x86)\Google\Chrome\Application\51.0.2704.84\chrome_child.dll
[0618/012315:ERROR:process_reader_win.cc(232)] ReadMemory at 0x6e240000 of 64 bytes failed: Only part of a ReadProcessMemory or WriteProcessMemory request was completed. (0x12B)
[0618/012315:WARNING:pe_image_reader.cc(280)] could not read dos header from C:\Program Files\AVAST Software\Avast\aswJsFlt.dll
[0618/012315:ERROR:process_reader_win.cc(232)] ReadMemory at 0x72b20000 of 64 bytes failed: Only part of a ReadProcessMemory or WriteProcessMemory request was completed. (0x12B)
[0618/012315:WARNING:pe_image_reader.cc(280)] could not read dos header from C:\WINDOWS\SYSTEM32\SRVCLI.DLL
[0618/012315:ERROR:process_reader_win.cc(232)] ReadMemory at 0x72b10000 of 64 bytes failed: Only part of a ReadProcessMemory or WriteProcessMemory request was completed. (0x12B)
[0618/012315:WARNING:pe_image_reader.cc(280)] could not read dos header from C:\WINDOWS\SYSTEM32\NETUTILS.DLL
[0618/012315:ERROR:process_reader_win.cc(232)] ReadMemory at 0x6c920000 of 64 bytes failed: Only part of a ReadProcessMemory or WriteProcessMemory request was completed. (0x12B)
[0618/012315:WARNING:pe_image_reader.cc(280)] could not read dos header from C:\WINDOWS\SYSTEM32\dwrite.dll
[0618/012315:ERROR:exception_snapshot_win.cc(57)] thread ID 7304 not found in process
[0618/012315:WARNING:crash_report_exception_handler.cc(60)] ProcessSnapshotWin::InitializeException failed
[0618/012315:ERROR:scoped_process_suspend.cc(38)] NtResumeProcess, ntstatus=-1073741558
